<?xml version="1.0" encoding="UTF-8"?>
<!-- Generated by org.testng.reporters.JUnitReportReporter -->
<testsuite hostname="DESKTOP-COBHVCV" failures="0" tests="4" name="TestNgDemo.TestDemo3_PriorityAttribute" time="0.046" errors="0" timestamp="2023-12-23T00:43:23 IST" skipped="0">
  <testcase classname="TestNgDemo.TestDemo3_PriorityAttribute" name="RegisterTest" time="0.026"/>
  <system-out/>
  <testcase classname="TestNgDemo.TestDemo3_PriorityAttribute" name="LoginTest" time="0.007"/>
  <system-out/>
  <testcase classname="TestNgDemo.TestDemo3_PriorityAttribute" name="SecrchProductTest" time="0.010"/>
  <system-out/>
  <testcase classname="TestNgDemo.TestDemo3_PriorityAttribute" name="AddToCartTest" time="0.003"/>
  <system-out/>
</testsuite> <!-- TestNgDemo.TestDemo3_PriorityAttribute -->
