<?xml version="1.0" encoding="UTF-8"?>
<!-- Generated by org.testng.reporters.JUnitReportReporter -->
<testsuite hostname="DESKTOP-COBHVCV" failures="0" tests="2" name="TestNgDemo.Test1" time="0.029" errors="0" timestamp="2023-12-20T10:03:18 IST" skipped="0">
  <testcase classname="TestNgDemo.Test1" name="Testcase2" time="0.008"/>
  <system-out/>
  <testcase classname="TestNgDemo.Test1" name="Testcase1" time="0.021"/>
  <system-out/>
</testsuite> <!-- TestNgDemo.Test1 -->
