<?xml version="1.0" encoding="UTF-8"?>
<!-- Generated by org.testng.reporters.JUnitReportReporter -->
<testsuite hostname="DESKTOP-COBHVCV" failures="0" tests="5" name="TestNgDemo.TestDemo_4invocationCount" time="0.055" errors="0" timestamp="2023-12-23T00:59:13 IST" skipped="0">
  <testcase classname="TestNgDemo.TestDemo_4invocationCount" name="enrollforCousre" time="0.019"/>
  <system-out/>
  <testcase classname="TestNgDemo.TestDemo_4invocationCount" name="training" time="0.009"/>
  <system-out/>
  <testcase classname="TestNgDemo.TestDemo_4invocationCount" name="placaement" time="0.003"/>
  <system-out/>
  <testcase classname="TestNgDemo.TestDemo_4invocationCount" name="placaement" time="0.005"/>
  <system-out/>
  <testcase classname="TestNgDemo.TestDemo_4invocationCount" name="placaement" time="0.019"/>
  <system-out/>
</testsuite> <!-- TestNgDemo.TestDemo_4invocationCount -->
