<?xml version="1.0" encoding="UTF-8"?>
<!-- Generated by org.testng.reporters.JUnitReportReporter -->
<testsuite hostname="DESKTOP-COBHVCV" failures="0" tests="1" name="TestNgDemo.Screenshot" time="18.857" errors="0" timestamp="2024-01-07T12:04:43 IST" skipped="0">
  <testcase classname="TestNgDemo.Screenshot" name="capture" time="18.857"/>
  <system-out/>
</testsuite> <!-- TestNgDemo.Screenshot -->
